<?xml version="1.0" encoding="UTF-8"?>
<robot generator="Robot 7.1.1 (Python 3.13.0 on win32)" generated="2024-11-11T15:40:05.483736" rpa="false" schemaversion="5">
<suite id="s1" name="Yodapp-Robot" source="C:\users\carol\desktop\qax\projects\yodapp-robot">
<suite id="s1-s1" name="Tests" source="C:\users\carol\desktop\qax\projects\yodapp-robot\tests">
<suite id="s1-s1-s1" name="Click" source="C:\users\carol\desktop\qax\projects\yodapp-robot\tests\click.robot">
<test id="s1-s1-s1-t1" name="Deve realizar um click longo" line="19">
<kw name="Start session" owner="base">
<kw name="Open Application" owner="AppiumLibrary">
<arg>http://localhost:4723</arg>
<arg>platformName=Android</arg>
<arg>deviceName=AndroidEmulator</arg>
<arg>automationName=UIAutomator2</arg>
<arg>app=${EXECDIR}/app/yodapp-beta.apk</arg>
<arg>udid=emulator-5554</arg>
<arg>autoGrantPermissions=true</arg>
<doc>Opens a new application to given Appium server.
Capabilities of appium server, Android and iOS,
Please check https://appium.io/docs/en/2.1/cli/args/
| *Option*            | *Man.* | *Description*     |
| remote_url          | Yes    | Appium server url |
| alias               | no     | alias             |
| strict_ssl          | No     | allows you to send commands to an invalid certificate host like a self-signed one. |</doc>
<status status="PASS" start="2024-11-11T15:40:06.045335" elapsed="24.901496"/>
</kw>
<status status="PASS" start="2024-11-11T15:40:06.044008" elapsed="24.904254"/>
</kw>
<kw name="Get started" owner="base">
<kw name="Wait Until Page Contains" owner="AppiumLibrary">
<arg>${START}</arg>
<arg>5</arg>
<doc>Waits until `text` appears on current page.</doc>
<status status="PASS" start="2024-11-11T15:40:30.951530" elapsed="5.703855"/>
</kw>
<kw name="Click Text" owner="AppiumLibrary">
<msg time="2024-11-11T15:40:38.504975" level="INFO">xpath criteria: //*[contains(@text,"QAX")]</msg>
<arg>${START}</arg>
<doc>Click text identified by ``text``.</doc>
<status status="PASS" start="2024-11-11T15:40:36.656334" elapsed="1.849974"/>
</kw>
<kw name="Sleep" owner="BuiltIn">
<msg time="2024-11-11T15:40:40.509191" level="INFO">Slept 2 seconds.</msg>
<arg>2</arg>
<doc>Pauses the test executed for the given time.</doc>
<status status="PASS" start="2024-11-11T15:40:38.506867" elapsed="2.004486"/>
</kw>
<status status="PASS" start="2024-11-11T15:40:30.950010" elapsed="9.562133"/>
</kw>
<kw name="Navigate to" owner="base">
<kw name="Set Variable" owner="BuiltIn">
<msg time="2024-11-11T15:40:40.516994" level="INFO">${hambuger} = xpath=//android.widget.ImageButton[@content-desc="Open navigation drawer"]</msg>
<var>${hambuger}</var>
<arg>xpath=//android.widget.ImageButton[@content-desc="Open navigation drawer"]</arg>
<doc>Returns the given values which can then be assigned to a variables.</doc>
<status status="PASS" start="2024-11-11T15:40:40.516104" elapsed="0.001341"/>
</kw>
<kw name="Wait Until Element Is Visible" owner="AppiumLibrary">
<msg time="2024-11-11T15:40:40.767150" level="INFO">xpath criteria: //android.widget.ImageButton[@content-desc="Open navigation drawer"]</msg>
<arg>${hambuger}</arg>
<arg>5</arg>
<doc>Waits until element specified with `locator` is visible.</doc>
<status status="PASS" start="2024-11-11T15:40:40.517790" elapsed="0.249653"/>
</kw>
<kw name="Click Element" owner="AppiumLibrary">
<msg time="2024-11-11T15:40:40.769381" level="INFO">Clicking element 'xpath=//android.widget.ImageButton[@content-desc="Open navigation drawer"]'.</msg>
<msg time="2024-11-11T15:40:41.085027" level="INFO">xpath criteria: //android.widget.ImageButton[@content-desc="Open navigation drawer"]</msg>
<arg>${hambuger}</arg>
<doc>Click element identified by `locator`.</doc>
<status status="PASS" start="2024-11-11T15:40:40.767670" elapsed="0.318522"/>
</kw>
<kw name="Set Variable" owner="BuiltIn">
<msg time="2024-11-11T15:40:41.087987" level="INFO">${menu_item} = xpath=//*[@resource-id="com.qaxperience.yodapp:id/navView"]//*[@text="Clique em Botões"]</msg>
<var>${menu_item}</var>
<arg>xpath=//*[@resource-id="com.qaxperience.yodapp:id/navView"]//*[@text="${item_text}"]</arg>
<doc>Returns the given values which can then be assigned to a variables.</doc>
<status status="PASS" start="2024-11-11T15:40:41.086516" elapsed="0.002209"/>
</kw>
<kw name="Wait Until Element Is Visible" owner="AppiumLibrary">
<msg time="2024-11-11T15:40:42.170956" level="INFO">xpath criteria: //*[@resource-id="com.qaxperience.yodapp:id/navView"]//*[@text="Clique em Botões"]</msg>
<arg>${menu_item}</arg>
<arg>5</arg>
<doc>Waits until element specified with `locator` is visible.</doc>
<status status="PASS" start="2024-11-11T15:40:41.089516" elapsed="1.082243"/>
</kw>
<kw name="Click Element" owner="AppiumLibrary">
<msg time="2024-11-11T15:40:42.174787" level="INFO">Clicking element 'xpath=//*[@resource-id="com.qaxperience.yodapp:id/navView"]//*[@text="Clique em Botões"]'.</msg>
<msg time="2024-11-11T15:40:42.683065" level="INFO">xpath criteria: //*[@resource-id="com.qaxperience.yodapp:id/navView"]//*[@text="Clique em Botões"]</msg>
<arg>${menu_item}</arg>
<doc>Click element identified by `locator`.</doc>
<status status="PASS" start="2024-11-11T15:40:42.172277" elapsed="0.511388"/>
</kw>
<arg>Clique em Botões</arg>
<status status="PASS" start="2024-11-11T15:40:40.513995" elapsed="2.169875"/>
</kw>
<kw name="Go to item" owner="base">
<kw name="Wait Until Page Contains" owner="AppiumLibrary">
<arg>${item}</arg>
<arg>5</arg>
<doc>Waits until `text` appears on current page.</doc>
<status status="PASS" start="2024-11-11T15:40:42.685472" elapsed="0.681652"/>
</kw>
<kw name="Click Text" owner="AppiumLibrary">
<msg time="2024-11-11T15:40:45.733682" level="INFO">xpath criteria: //*[contains(@text,"Clique longo")]</msg>
<arg>${item}</arg>
<doc>Click text identified by ``text``.</doc>
<status status="PASS" start="2024-11-11T15:40:43.367455" elapsed="2.367208"/>
</kw>
<kw name="Wait Until Page Contains" owner="AppiumLibrary">
<arg>${checkpoint}</arg>
<doc>Waits until `text` appears on current page.</doc>
<status status="PASS" start="2024-11-11T15:40:45.735183" elapsed="0.096259"/>
</kw>
<arg>Clique longo</arg>
<arg>Botão clique longo</arg>
<status status="PASS" start="2024-11-11T15:40:42.684514" elapsed="3.147255"/>
</kw>
<kw name="Swipe" owner="AppiumLibrary">
<arg>${613}</arg>
<arg>${1336}</arg>
<arg>${553}</arg>
<arg>${1341}</arg>
<doc>Swipe from one point to another point, for an optional duration.</doc>
<status status="PASS" start="2024-11-11T15:40:45.832416" elapsed="1.606510"/>
</kw>
<kw name="Wait Until Page Contains" owner="AppiumLibrary">
<arg>Isso é um clique longo</arg>
<doc>Waits until `text` appears on current page.</doc>
<status status="PASS" start="2024-11-11T15:40:47.440097" elapsed="0.225081"/>
</kw>
<kw name="Close session" owner="base">
<kw name="Close Application" owner="AppiumLibrary">
<doc>Closes the current application and also close webdriver session.</doc>
<status status="PASS" start="2024-11-11T15:40:47.666870" elapsed="1.162652"/>
</kw>
<status status="PASS" start="2024-11-11T15:40:47.666270" elapsed="1.163650"/>
</kw>
<tag>long</tag>
<status status="PASS" start="2024-11-11T15:40:06.041878" elapsed="42.788817"/>
</test>
<status status="PASS" start="2024-11-11T15:40:05.637298" elapsed="43.198477"/>
</suite>
<status status="PASS" start="2024-11-11T15:40:05.631291" elapsed="43.214733"/>
</suite>
<status status="PASS" start="2024-11-11T15:40:05.590986" elapsed="43.259175"/>
</suite>
<statistics>
<total>
<stat pass="1" fail="0" skip="0">All Tests</stat>
</total>
<tag>
<stat pass="1" fail="0" skip="0">long</stat>
</tag>
<suite>
<stat pass="1" fail="0" skip="0" id="s1" name="Yodapp-Robot">Yodapp-Robot</stat>
<stat pass="1" fail="0" skip="0" id="s1-s1" name="Tests">Yodapp-Robot.Tests</stat>
<stat pass="1" fail="0" skip="0" id="s1-s1-s1" name="Click">Yodapp-Robot.Tests.Click</stat>
</suite>
</statistics>
<errors>
</errors>
</robot>
